[0.022s] Invoking command in '/root/colcon_ws/build/px4_ros_com': CMAKE_PREFIX_PATH=/root/colcon_ws/install/px4_msgs:/root/colcon_ws/install/px4_ros_com:/root/colcon_ws/install/microxrcedds_agent:/opt/ros/foxy LD_LIBRARY_PATH=/root/colcon_ws/install/px4_msgs/lib:/root/colcon_ws/install/px4_ros_com/lib:/root/colcon_ws/install/microxrcedds_agent/lib:/opt/ros/foxy/opt/yaml_cpp_vendor/lib:/opt/ros/foxy/opt/rviz_ogre_vendor/lib:/opt/ros/foxy/lib/x86_64-linux-gnu:/opt/ros/foxy/lib /usr/bin/cmake --build /root/colcon_ws/build/px4_ros_com -- -j8 -l8
[0.088s] [35m[1mScanning dependencies of target offboard_control[0m
[0.111s] [ 40%] Built target frame_transforms
[0.111s] [ 40%] Built target sensor_combined_listener
[0.112s] [ 60%] Built target debug_vect_advertiser
[0.113s] [ 80%] Built target vehicle_gps_position_listener
[0.129s] [ 90%] [32mBuilding CXX object CMakeFiles/offboard_control.dir/src/examples/offboard/offboard_control.cpp.o[0m
[3.544s] /root/colcon_ws/src/px4_ros_com/src/examples/offboard/offboard_control.cpp: In member function â€˜void OffboardControl::publish_offboard_control_mode()â€™:
[3.544s] /root/colcon_ws/src/px4_ros_com/src/examples/offboard/offboard_control.cpp:140:24: error: â€˜class OffboardControlâ€™ has no member named â€˜gâ€™
[3.544s]   140 |  msg.timestamp = this->g]: Arm command send
[3.544s]       |                        ^
[3.544s] /root/colcon_ws/src/px4_ros_com/src/examples/offboard/offboard_control.cpp:160:46: error: qualified-id in declaration before â€˜(â€™ token
[3.544s]   160 | void OffboardControl::publish_vehicle_command(uint16_t command, float param1, float param2)
[3.544s]       |                                              ^
[3.544s] /root/colcon_ws/src/px4_ros_com/src/examples/offboard/offboard_control.cpp:176:1: error: a function-definition is not allowed here before â€˜{â€™ token
[3.545s]   176 | {
[3.545s]       | ^
[3.545s] /root/colcon_ws/src/px4_ros_com/src/examples/offboard/offboard_control.cpp:182:1: error: expected â€˜}â€™ at end of input
[3.545s]   182 | }
[3.545s]       | ^
[3.545s] /root/colcon_ws/src/px4_ros_com/src/examples/offboard/offboard_control.cpp:133:1: note: to match this â€˜{â€™
[3.545s]   133 | {
[3.545s]       | ^
[3.545s] make[2]: *** [CMakeFiles/offboard_control.dir/build.make:63: CMakeFiles/offboard_control.dir/src/examples/offboard/offboard_control.cpp.o] Error 1
[3.545s] make[1]: *** [CMakeFiles/Makefile2:113: CMakeFiles/offboard_control.dir/all] Error 2
[3.545s] make: *** [Makefile:141: all] Error 2
[3.548s] Invoked command in '/root/colcon_ws/build/px4_ros_com' returned '2': CMAKE_PREFIX_PATH=/root/colcon_ws/install/px4_msgs:/root/colcon_ws/install/px4_ros_com:/root/colcon_ws/install/microxrcedds_agent:/opt/ros/foxy LD_LIBRARY_PATH=/root/colcon_ws/install/px4_msgs/lib:/root/colcon_ws/install/px4_ros_com/lib:/root/colcon_ws/install/microxrcedds_agent/lib:/opt/ros/foxy/opt/yaml_cpp_vendor/lib:/opt/ros/foxy/opt/rviz_ogre_vendor/lib:/opt/ros/foxy/lib/x86_64-linux-gnu:/opt/ros/foxy/lib /usr/bin/cmake --build /root/colcon_ws/build/px4_ros_com -- -j8 -l8
